
 2021-04-26 10:02:43,601 INFO [org.zhouhy.spring.aspect.LoggerAspect.afterAdvice(LoggerAspect.java:37)] after advice add and args is [1, 3]  
 
 2021-04-26 10:02:43,604 INFO [org.zhouhy.spring.aspect.LoggerAspect.beforeAdvice(LoggerAspect.java:30)] Before advice add and args is [1, 3]  
 
 2021-04-26 10:02:43,605 INFO [org.zhouhy.spring.aspect.LoggerAspect.afterAdvice(LoggerAspect.java:37)] after advice sub and args is [2, 1]  
 
 2021-04-26 10:02:43,605 INFO [org.zhouhy.spring.aspect.LoggerAspect.beforeAdvice(LoggerAspect.java:30)] Before advice sub and args is [2, 1]  
 
 2021-04-26 10:03:20,826 INFO [org.zhouhy.spring.aspect.LoggerAspect.afterAdvice(LoggerAspect.java:37)] after advice add and args is [1, 3]  
 
 2021-04-26 10:03:20,828 INFO [org.zhouhy.spring.aspect.LoggerAspect.beforeAdvice(LoggerAspect.java:30)] Before advice add and args is [1, 3]  
 
 2021-04-26 10:03:54,717 INFO [org.zhouhy.spring.aspect.LoggerAspect.beforeAdvice(LoggerAspect.java:31)] Before advice add and args is [1, 3]  
 
 2021-04-26 10:03:54,718 INFO [org.zhouhy.spring.aspect.LoggerAspect.afterAdvice(LoggerAspect.java:38)] after advice add and args is [1, 3]  
 
 2021-04-26 10:04:37,470 INFO [org.zhouhy.spring.aspect.LoggerAspect.beforeAdvice(LoggerAspect.java:31)] Before advice add and args is [1, 3]  
 
 2021-04-26 10:04:37,472 INFO [org.zhouhy.spring.aspect.LoggerAspect.afterAdvice(LoggerAspect.java:38)] after advice add and args is [1, 3]  
 
 2021-04-26 10:04:37,473 INFO [org.zhouhy.spring.aspect.LoggerAspect.beforeAdvice(LoggerAspect.java:31)] Before advice sub and args is [2, 1]  
 
 2021-04-26 10:04:37,473 INFO [org.zhouhy.spring.aspect.LoggerAspect.afterAdvice(LoggerAspect.java:38)] after advice sub and args is [2, 1]  
 
 2021-04-26 10:05:21,368 INFO [org.zhouhy.spring.aspect.LoggerAspect.beforeAdvice(LoggerAspect.java:31)] Before advice add and args is [1, 3]  
 
 2021-04-26 10:05:21,369 INFO [org.zhouhy.spring.aspect.LoggerAspect.afterAdvice(LoggerAspect.java:38)] after advice add and args is [1, 3]  
 
 2021-04-26 10:05:21,370 INFO [org.zhouhy.spring.aspect.LoggerAspect.beforeAdvice(LoggerAspect.java:31)] Before advice sub and args is [2, 1]  
 
 2021-04-26 10:05:21,370 INFO [org.zhouhy.spring.aspect.LoggerAspect.afterAdvice(LoggerAspect.java:38)] after advice sub and args is [2, 1]  
 
 2021-04-26 10:14:56,479 INFO [org.zhouhy.spring.aspect.LoggerAspect.beforeAdvice(LoggerAspect.java:28)] BeforeAdvice, running before the method add and args is [1, 3]  
 
 2021-04-26 10:14:56,481 INFO [org.zhouhy.spring.aspect.LoggerAspect.afterAdvice(LoggerAspect.java:35)] AfterAdvice running after the method add and args is [1, 3]  
 
 2021-04-26 10:14:56,481 INFO [org.zhouhy.spring.aspect.LoggerAspect.returnAdvice(LoggerAspect.java:42)] AfterReturningAdvice running when the method give out the return  add and args is [1, 3] and the result is 4  
 
 2021-04-26 10:14:56,482 INFO [org.zhouhy.spring.aspect.LoggerAspect.beforeAdvice(LoggerAspect.java:28)] BeforeAdvice, running before the method sub and args is [2, 1]  
 
 2021-04-26 10:14:56,482 INFO [org.zhouhy.spring.aspect.LoggerAspect.afterAdvice(LoggerAspect.java:35)] AfterAdvice running after the method sub and args is [2, 1]  
 
 2021-04-26 10:14:56,482 INFO [org.zhouhy.spring.aspect.LoggerAspect.returnAdvice(LoggerAspect.java:42)] AfterReturningAdvice running when the method give out the return  sub and args is [2, 1] and the result is 1  
 
 2021-04-26 10:14:56,483 INFO [org.zhouhy.spring.aspect.LoggerAspect.beforeAdvice(LoggerAspect.java:28)] BeforeAdvice, running before the method div and args is [3, 1]  
 
 2021-04-26 10:14:56,483 INFO [org.zhouhy.spring.aspect.LoggerAspect.afterAdvice(LoggerAspect.java:35)] AfterAdvice running after the method div and args is [3, 1]  
 
 2021-04-26 10:14:56,484 INFO [org.zhouhy.spring.aspect.LoggerAspect.returnAdvice(LoggerAspect.java:42)] AfterReturningAdvice running when the method give out the return  div and args is [3, 1] and the result is 3  
 
 2021-04-26 10:19:41,614 INFO [org.zhouhy.spring.aspect.LoggerAspect.beforeAdvice(LoggerAspect.java:28)] BeforeAdvice, running before the method add and args is [1, 3]  
 
 2021-04-26 10:19:41,617 INFO [org.zhouhy.spring.aspect.LoggerAspect.afterAdvice(LoggerAspect.java:35)] AfterAdvice running after the method add and args is [1, 3]  
 
 2021-04-26 10:19:41,617 INFO [org.zhouhy.spring.aspect.LoggerAspect.returnAdvice(LoggerAspect.java:42)] AfterReturningAdvice running when the method give out the return result the method is  add and args is [1, 3] and the result is 4  
 
 2021-04-26 10:19:41,618 INFO [org.zhouhy.spring.aspect.LoggerAspect.beforeAdvice(LoggerAspect.java:28)] BeforeAdvice, running before the method sub and args is [2, 1]  
 
 2021-04-26 10:19:41,618 INFO [org.zhouhy.spring.aspect.LoggerAspect.afterAdvice(LoggerAspect.java:35)] AfterAdvice running after the method sub and args is [2, 1]  
 
 2021-04-26 10:19:41,618 INFO [org.zhouhy.spring.aspect.LoggerAspect.returnAdvice(LoggerAspect.java:42)] AfterReturningAdvice running when the method give out the return result the method is  sub and args is [2, 1] and the result is 1  
 
 2021-04-26 10:19:41,619 INFO [org.zhouhy.spring.aspect.LoggerAspect.beforeAdvice(LoggerAspect.java:28)] BeforeAdvice, running before the method div and args is [3, 1]  
 
 2021-04-26 10:19:41,619 INFO [org.zhouhy.spring.aspect.LoggerAspect.afterAdvice(LoggerAspect.java:35)] AfterAdvice running after the method div and args is [3, 1]  
 
 2021-04-26 10:19:41,619 INFO [org.zhouhy.spring.aspect.LoggerAspect.returnAdvice(LoggerAspect.java:42)] AfterReturningAdvice running when the method give out the return result the method is  div and args is [3, 1] and the result is 3  
 
 2021-04-26 10:19:41,619 INFO [org.zhouhy.spring.aspect.LoggerAspect.beforeAdvice(LoggerAspect.java:28)] BeforeAdvice, running before the method div and args is [3, 0]  
 
 2021-04-26 10:19:41,620 INFO [org.zhouhy.spring.aspect.LoggerAspect.afterAdvice(LoggerAspect.java:35)] AfterAdvice running after the method div and args is [3, 0]  
 
 2021-04-26 10:19:41,620 INFO [org.zhouhy.spring.aspect.LoggerAspect.throwingAdvice(LoggerAspect.java:49)] div 执行时抛出异常,记录日志. 方法参数:[3, 0],发生异常: / by zero  
 